C:\USERS\CHRISTOPHER\SKYDRIVE\SCHOOL\UW\CSS 332\CSS332-LAB2\CSS332-LAB2\DEBUG\RAT.OBJ
C:\USERS\CHRISTOPHER\SKYDRIVE\SCHOOL\UW\CSS 332\CSS332-LAB2\CSS332-LAB2\DEBUG\RATDRIVER.OBJ
C:\USERS\CHRISTOPHER\SKYDRIVE\SCHOOL\UW\CSS 332\CSS332-LAB2\CSS332-LAB2\DEBUG\RATFIRSTATTEMPT.OBJ
C:\USERS\CHRISTOPHER\SKYDRIVE\SCHOOL\UW\CSS 332\CSS332-LAB2\CSS332-LAB2\DEBUG\VC110.PDB
C:\Users\Christopher\SkyDrive\School\UW\CSS 332\CSS332-LAB2\CSS332-LAB2\Debug\rat.obj
C:\Users\Christopher\SkyDrive\School\UW\CSS 332\CSS332-LAB2\CSS332-LAB2\Debug\ratdriver.obj
C:\Users\Christopher\SkyDrive\School\UW\CSS 332\CSS332-LAB2\CSS332-LAB2\Debug\RatFirstAttempt.obj
C:\Users\Christopher\SkyDrive\School\UW\CSS 332\CSS332-LAB2\CSS332-LAB2\Debug\cl.command.1.tlog
C:\Users\Christopher\SkyDrive\School\UW\CSS 332\CSS332-LAB2\CSS332-LAB2\Debug\CL.read.1.tlog
C:\Users\Christopher\SkyDrive\School\UW\CSS 332\CSS332-LAB2\CSS332-LAB2\Debug\CL.write.1.tlog
C:\Users\Christopher\SkyDrive\School\UW\CSS 332\CSS332-LAB2\CSS332-LAB2\Debug\link-cvtres.read.1.tlog
C:\Users\Christopher\SkyDrive\School\UW\CSS 332\CSS332-LAB2\CSS332-LAB2\Debug\link-cvtres.write.1.tlog
C:\Users\Christopher\SkyDrive\School\UW\CSS 332\CSS332-LAB2\CSS332-LAB2\Debug\link-rc.read.1.tlog
C:\Users\Christopher\SkyDrive\School\UW\CSS 332\CSS332-LAB2\CSS332-LAB2\Debug\link-rc.write.1.tlog
C:\Users\Christopher\SkyDrive\School\UW\CSS 332\CSS332-LAB2\CSS332-LAB2\Debug\link.7916-cvtres.read.1.tlog
C:\Users\Christopher\SkyDrive\School\UW\CSS 332\CSS332-LAB2\CSS332-LAB2\Debug\link.7916-cvtres.write.1.tlog
C:\Users\Christopher\SkyDrive\School\UW\CSS 332\CSS332-LAB2\CSS332-LAB2\Debug\link.7916-rc.read.1.tlog
C:\Users\Christopher\SkyDrive\School\UW\CSS 332\CSS332-LAB2\CSS332-LAB2\Debug\link.7916-rc.write.1.tlog
C:\Users\Christopher\SkyDrive\School\UW\CSS 332\CSS332-LAB2\CSS332-LAB2\Debug\link.7916.read.1.tlog
C:\Users\Christopher\SkyDrive\School\UW\CSS 332\CSS332-LAB2\CSS332-LAB2\Debug\link.7916.write.1.tlog
C:\Users\Christopher\SkyDrive\School\UW\CSS 332\CSS332-LAB2\CSS332-LAB2\Debug\link.command.1.tlog
C:\Users\Christopher\SkyDrive\School\UW\CSS 332\CSS332-LAB2\CSS332-LAB2\Debug\link.read.1.tlog
C:\Users\Christopher\SkyDrive\School\UW\CSS 332\CSS332-LAB2\CSS332-LAB2\Debug\link.write.1.tlog
C:\Users\Christopher\SkyDrive\School\UW\CSS 332\CSS332-LAB2\CSS332-LAB2\Debug\vc110.idb
C:\Users\Christopher\SkyDrive\School\UW\CSS 332\CSS332-LAB2\CSS332-LAB2\Debug\vc110.pdb
C:\Users\Christopher\SkyDrive\School\UW\CSS 332\CSS332-LAB2\Debug\CSS332-LAB2.pdb
