Build started 12/8/2013 4:45:56 PM.
     1>Project "E:\Google Drive yahoo\LAB5-2\LAB5-2\LAB5-2.vcxproj" on node 2 (Build target(s)).
     1>ClCompile:
         E:\Programs\Visual Studio 2012\VC\bin\CL.exe /c /ZI /nologo /W3 /WX- /Od /Oy- /D WIN32 /D _DEBUG /D _CONSOLE /D _UNICODE /D UNICODE /Gm /EHsc /RTC1 /MDd /GS /fp:precise /Zc:wchar_t /Zc:forScope /Fo"Debug\\" /Fd"Debug\vc110.pdb" /Gd /TP /analyze- /errorReport:prompt BSTree.cpp ClientList.cpp Firm.cpp QueueProcessor.cpp TestMain.cpp
         BSTree.cpp
         Generating Code...
         Skipping... (no relevant changes detected)
         TestMain.cpp
         QueueProcessor.cpp
         Firm.cpp
         ClientList.cpp
       Link:
         E:\Programs\Visual Studio 2012\VC\bin\link.exe /ERRORREPORT:PROMPT /OUT:"E:\Google Drive yahoo\LAB5-2\Debug\LAB5-2.exe" /INCREMENTAL /NOLOGO kernel32.lib user32.lib gdi32.lib winspool.lib comdlg32.lib advapi32.lib shell32.lib ole32.lib oleaut32.lib uuid.lib odbc32.lib odbccp32.lib /MANIFEST /MANIFESTUAC:"level='asInvoker' uiAccess='false'" /manifest:embed /DEBUG /PDB:"E:\Google Drive yahoo\LAB5-2\Debug\LAB5-2.pdb" /SUBSYSTEM:CONSOLE /TLBID:1 /DYNAMICBASE /NXCOMPAT /IMPLIB:"E:\Google Drive yahoo\LAB5-2\Debug\LAB5-2.lib" /MACHINE:X86 Debug\Account.obj
         Debug\BSTree.obj
         Debug\Client.obj
         Debug\ClientHistory.obj
         Debug\ClientList.obj
         Debug\Firm.obj
         Debug\ODAccount.obj
         Debug\Owner.obj
         Debug\TransQueue.obj
         Debug\QueueProcessor.obj
         Debug\TestMain.obj
         Debug\Transaction.obj
         LAB5-2.vcxproj -> E:\Google Drive yahoo\LAB5-2\Debug\LAB5-2.exe
     1>Done Building Project "E:\Google Drive yahoo\LAB5-2\LAB5-2\LAB5-2.vcxproj" (Build target(s)).

Build succeeded.

Time Elapsed 00:00:00.56
