C:\USERS\CHRIS\GOOGLE DRIVE\UW-2013FALL\CSS342B\LAB5-2\LAB5-2\DEBUG\VC110.PDB
C:\USERS\CHRIS\GOOGLE DRIVE\UW-2013FALL\CSS342B\LAB5-2\LAB5-2\DEBUG\TRANSQUEUE.OBJ
C:\USERS\CHRIS\GOOGLE DRIVE\UW-2013FALL\CSS342B\LAB5-2\LAB5-2\DEBUG\TRANSACTION.OBJ
C:\USERS\CHRIS\GOOGLE DRIVE\UW-2013FALL\CSS342B\LAB5-2\LAB5-2\DEBUG\BSTREE.OBJ
C:\USERS\CHRIS\GOOGLE DRIVE\UW-2013FALL\CSS342B\LAB5-2\LAB5-2\DEBUG\CLIENTLIST.OBJ
C:\USERS\CHRIS\GOOGLE DRIVE\UW-2013FALL\CSS342B\LAB5-2\LAB5-2\DEBUG\FIRM.OBJ
C:\USERS\CHRIS\GOOGLE DRIVE\UW-2013FALL\CSS342B\LAB5-2\LAB5-2\DEBUG\TESTMAIN.OBJ
C:\USERS\CHRIS\GOOGLE DRIVE\UW-2013FALL\CSS342B\LAB5-2\LAB5-2\DEBUG\CLIENT.OBJ
C:\USERS\CHRIS\GOOGLE DRIVE\UW-2013FALL\CSS342B\LAB5-2\LAB5-2\DEBUG\ODACCOUNT.OBJ
C:\USERS\CHRIS\GOOGLE DRIVE\UW-2013FALL\CSS342B\LAB5-2\LAB5-2\DEBUG\ACCOUNT.OBJ
C:\USERS\CHRIS\GOOGLE DRIVE\UW-2013FALL\CSS342B\LAB5-2\LAB5-2\DEBUG\CLIENTHISTORY.OBJ
C:\USERS\CHRIS\GOOGLE DRIVE\UW-2013FALL\CSS342B\LAB5-2\LAB5-2\DEBUG\QUEUEPROCESSOR.OBJ
C:\USERS\CHRIS\GOOGLE DRIVE\UW-2013FALL\CSS342B\LAB5-2\LAB5-2\DEBUG\OWNER.OBJ
C:\USERS\CHRIS\GOOGLE DRIVE\UW-2013FALL\CSS342B\LAB5-2\DEBUG\LAB5-2.ILK
C:\USERS\CHRIS\GOOGLE DRIVE\UW-2013FALL\CSS342B\LAB5-2\DEBUG\LAB5-2.EXE
C:\USERS\CHRIS\GOOGLE DRIVE\UW-2013FALL\CSS342B\LAB5-2\DEBUG\LAB5-2.PDB
C:\Users\Chris\Google Drive\UW-2013Fall\CSS342B\LAB5-2\LAB5-2\Debug\Account.obj
C:\Users\Chris\Google Drive\UW-2013Fall\CSS342B\LAB5-2\LAB5-2\Debug\BSTree (1).obj
C:\Users\Chris\Google Drive\UW-2013Fall\CSS342B\LAB5-2\LAB5-2\Debug\BSTree (2).obj
C:\Users\Chris\Google Drive\UW-2013Fall\CSS342B\LAB5-2\LAB5-2\Debug\BSTree.obj
C:\Users\Chris\Google Drive\UW-2013Fall\CSS342B\LAB5-2\LAB5-2\Debug\Client (1).obj
C:\Users\Chris\Google Drive\UW-2013Fall\CSS342B\LAB5-2\LAB5-2\Debug\Client (2).obj
C:\Users\Chris\Google Drive\UW-2013Fall\CSS342B\LAB5-2\LAB5-2\Debug\Client.obj
C:\Users\Chris\Google Drive\UW-2013Fall\CSS342B\LAB5-2\LAB5-2\Debug\ClientHistory (1).obj
C:\Users\Chris\Google Drive\UW-2013Fall\CSS342B\LAB5-2\LAB5-2\Debug\ClientHistory.obj
C:\Users\Chris\Google Drive\UW-2013Fall\CSS342B\LAB5-2\LAB5-2\Debug\ClientList (1).obj
C:\Users\Chris\Google Drive\UW-2013Fall\CSS342B\LAB5-2\LAB5-2\Debug\ClientList.obj
C:\Users\Chris\Google Drive\UW-2013Fall\CSS342B\LAB5-2\LAB5-2\Debug\CVFund.obj
C:\Users\Chris\Google Drive\UW-2013Fall\CSS342B\LAB5-2\LAB5-2\Debug\FHIFund.obj
C:\Users\Chris\Google Drive\UW-2013Fall\CSS342B\LAB5-2\LAB5-2\Debug\Firm (1).obj
C:\Users\Chris\Google Drive\UW-2013Fall\CSS342B\LAB5-2\LAB5-2\Debug\Firm.obj
C:\Users\Chris\Google Drive\UW-2013Fall\CSS342B\LAB5-2\LAB5-2\Debug\GEFund.obj
C:\Users\Chris\Google Drive\UW-2013Fall\CSS342B\LAB5-2\LAB5-2\Debug\GIFund.obj
C:\Users\Chris\Google Drive\UW-2013Fall\CSS342B\LAB5-2\LAB5-2\Debug\ODAccount (1).obj
C:\Users\Chris\Google Drive\UW-2013Fall\CSS342B\LAB5-2\LAB5-2\Debug\ODAccount.obj
C:\Users\Chris\Google Drive\UW-2013Fall\CSS342B\LAB5-2\LAB5-2\Debug\Owner.obj
C:\Users\Chris\Google Drive\UW-2013Fall\CSS342B\LAB5-2\LAB5-2\Debug\QueueProcessor.obj
C:\Users\Chris\Google Drive\UW-2013Fall\CSS342B\LAB5-2\LAB5-2\Debug\TestMain (1).obj
C:\Users\Chris\Google Drive\UW-2013Fall\CSS342B\LAB5-2\LAB5-2\Debug\TestMain.obj
C:\Users\Chris\Google Drive\UW-2013Fall\CSS342B\LAB5-2\LAB5-2\Debug\Transaction.obj
C:\Users\Chris\Google Drive\UW-2013Fall\CSS342B\LAB5-2\LAB5-2\Debug\TransQueue (1).obj
C:\Users\Chris\Google Drive\UW-2013Fall\CSS342B\LAB5-2\LAB5-2\Debug\TransQueue.obj
C:\Users\Chris\Google Drive\UW-2013Fall\CSS342B\LAB5-2\LAB5-2\Debug\ValueFund.obj
C:\Users\Chris\Google Drive\UW-2013Fall\CSS342B\LAB5-2\LAB5-2\Debug\VSIndex.obj
C:\Users\Chris\Google Drive\UW-2013Fall\CSS342B\LAB5-2\LAB5-2\Debug\cl.command.1.tlog
C:\Users\Chris\Google Drive\UW-2013Fall\CSS342B\LAB5-2\LAB5-2\Debug\CL.read.1.tlog
C:\Users\Chris\Google Drive\UW-2013Fall\CSS342B\LAB5-2\LAB5-2\Debug\CL.read.1[Conflict].tlog
C:\Users\Chris\Google Drive\UW-2013Fall\CSS342B\LAB5-2\LAB5-2\Debug\CL.write.1.tlog
C:\Users\Chris\Google Drive\UW-2013Fall\CSS342B\LAB5-2\LAB5-2\Debug\link-cvtres.read.1.tlog
C:\Users\Chris\Google Drive\UW-2013Fall\CSS342B\LAB5-2\LAB5-2\Debug\link-cvtres.write.1.tlog
C:\Users\Chris\Google Drive\UW-2013Fall\CSS342B\LAB5-2\LAB5-2\Debug\link-rc.read.1.tlog
C:\Users\Chris\Google Drive\UW-2013Fall\CSS342B\LAB5-2\LAB5-2\Debug\link-rc.write.1.tlog
C:\Users\Chris\Google Drive\UW-2013Fall\CSS342B\LAB5-2\LAB5-2\Debug\link.10444-cvtres.read.1.tlog
C:\Users\Chris\Google Drive\UW-2013Fall\CSS342B\LAB5-2\LAB5-2\Debug\link.10444-cvtres.write.1.tlog
C:\Users\Chris\Google Drive\UW-2013Fall\CSS342B\LAB5-2\LAB5-2\Debug\link.10444-rc.read.1.tlog
C:\Users\Chris\Google Drive\UW-2013Fall\CSS342B\LAB5-2\LAB5-2\Debug\link.10444-rc.write.1.tlog
C:\Users\Chris\Google Drive\UW-2013Fall\CSS342B\LAB5-2\LAB5-2\Debug\link.10444.read.1.tlog
C:\Users\Chris\Google Drive\UW-2013Fall\CSS342B\LAB5-2\LAB5-2\Debug\link.10444.write.1.tlog
C:\Users\Chris\Google Drive\UW-2013Fall\CSS342B\LAB5-2\LAB5-2\Debug\link.2524-cvtres.read.1.tlog
C:\Users\Chris\Google Drive\UW-2013Fall\CSS342B\LAB5-2\LAB5-2\Debug\link.2524-cvtres.write.1.tlog
C:\Users\Chris\Google Drive\UW-2013Fall\CSS342B\LAB5-2\LAB5-2\Debug\link.2524-rc.read.1.tlog
C:\Users\Chris\Google Drive\UW-2013Fall\CSS342B\LAB5-2\LAB5-2\Debug\link.2524-rc.write.1.tlog
C:\Users\Chris\Google Drive\UW-2013Fall\CSS342B\LAB5-2\LAB5-2\Debug\link.2524.read.1.tlog
C:\Users\Chris\Google Drive\UW-2013Fall\CSS342B\LAB5-2\LAB5-2\Debug\link.2524.write.1.tlog
C:\Users\Chris\Google Drive\UW-2013Fall\CSS342B\LAB5-2\LAB5-2\Debug\link.2556-cvtres.read.1.tlog
C:\Users\Chris\Google Drive\UW-2013Fall\CSS342B\LAB5-2\LAB5-2\Debug\link.2556-cvtres.write.1.tlog
C:\Users\Chris\Google Drive\UW-2013Fall\CSS342B\LAB5-2\LAB5-2\Debug\link.2556-rc.read.1.tlog
C:\Users\Chris\Google Drive\UW-2013Fall\CSS342B\LAB5-2\LAB5-2\Debug\link.2556-rc.write.1.tlog
C:\Users\Chris\Google Drive\UW-2013Fall\CSS342B\LAB5-2\LAB5-2\Debug\link.2556.read.1.tlog
C:\Users\Chris\Google Drive\UW-2013Fall\CSS342B\LAB5-2\LAB5-2\Debug\link.2556.write.1.tlog
C:\Users\Chris\Google Drive\UW-2013Fall\CSS342B\LAB5-2\LAB5-2\Debug\link.2564-cvtres.read.1.tlog
C:\Users\Chris\Google Drive\UW-2013Fall\CSS342B\LAB5-2\LAB5-2\Debug\link.2564-cvtres.write.1.tlog
C:\Users\Chris\Google Drive\UW-2013Fall\CSS342B\LAB5-2\LAB5-2\Debug\link.2564-rc.read.1.tlog
C:\Users\Chris\Google Drive\UW-2013Fall\CSS342B\LAB5-2\LAB5-2\Debug\link.2564-rc.write.1.tlog
C:\Users\Chris\Google Drive\UW-2013Fall\CSS342B\LAB5-2\LAB5-2\Debug\link.2564.read.1.tlog
C:\Users\Chris\Google Drive\UW-2013Fall\CSS342B\LAB5-2\LAB5-2\Debug\link.2564.write.1.tlog
C:\Users\Chris\Google Drive\UW-2013Fall\CSS342B\LAB5-2\LAB5-2\Debug\link.2744-cvtres.read.1.tlog
C:\Users\Chris\Google Drive\UW-2013Fall\CSS342B\LAB5-2\LAB5-2\Debug\link.2744-cvtres.write.1.tlog
C:\Users\Chris\Google Drive\UW-2013Fall\CSS342B\LAB5-2\LAB5-2\Debug\link.2744-rc.read.1.tlog
C:\Users\Chris\Google Drive\UW-2013Fall\CSS342B\LAB5-2\LAB5-2\Debug\link.2744-rc.write.1.tlog
C:\Users\Chris\Google Drive\UW-2013Fall\CSS342B\LAB5-2\LAB5-2\Debug\link.2744.read.1.tlog
C:\Users\Chris\Google Drive\UW-2013Fall\CSS342B\LAB5-2\LAB5-2\Debug\link.2744.write.1.tlog
C:\Users\Chris\Google Drive\UW-2013Fall\CSS342B\LAB5-2\LAB5-2\Debug\link.3188-cvtres.read.1.tlog
C:\Users\Chris\Google Drive\UW-2013Fall\CSS342B\LAB5-2\LAB5-2\Debug\link.3188-cvtres.write.1.tlog
C:\Users\Chris\Google Drive\UW-2013Fall\CSS342B\LAB5-2\LAB5-2\Debug\link.3188-rc.read.1.tlog
C:\Users\Chris\Google Drive\UW-2013Fall\CSS342B\LAB5-2\LAB5-2\Debug\link.3188-rc.write.1.tlog
C:\Users\Chris\Google Drive\UW-2013Fall\CSS342B\LAB5-2\LAB5-2\Debug\link.3188.read.1.tlog
C:\Users\Chris\Google Drive\UW-2013Fall\CSS342B\LAB5-2\LAB5-2\Debug\link.3188.write.1.tlog
C:\Users\Chris\Google Drive\UW-2013Fall\CSS342B\LAB5-2\LAB5-2\Debug\link.3212-cvtres.read.1.tlog
C:\Users\Chris\Google Drive\UW-2013Fall\CSS342B\LAB5-2\LAB5-2\Debug\link.3212-cvtres.write.1.tlog
C:\Users\Chris\Google Drive\UW-2013Fall\CSS342B\LAB5-2\LAB5-2\Debug\link.3212-rc.read.1.tlog
C:\Users\Chris\Google Drive\UW-2013Fall\CSS342B\LAB5-2\LAB5-2\Debug\link.3212-rc.write.1.tlog
C:\Users\Chris\Google Drive\UW-2013Fall\CSS342B\LAB5-2\LAB5-2\Debug\link.3212.read.1.tlog
C:\Users\Chris\Google Drive\UW-2013Fall\CSS342B\LAB5-2\LAB5-2\Debug\link.3212.write.1.tlog
C:\Users\Chris\Google Drive\UW-2013Fall\CSS342B\LAB5-2\LAB5-2\Debug\link.4768-cvtres.read.1.tlog
C:\Users\Chris\Google Drive\UW-2013Fall\CSS342B\LAB5-2\LAB5-2\Debug\link.4768-cvtres.write.1.tlog
C:\Users\Chris\Google Drive\UW-2013Fall\CSS342B\LAB5-2\LAB5-2\Debug\link.4768-rc.read.1.tlog
C:\Users\Chris\Google Drive\UW-2013Fall\CSS342B\LAB5-2\LAB5-2\Debug\link.4768-rc.write.1.tlog
C:\Users\Chris\Google Drive\UW-2013Fall\CSS342B\LAB5-2\LAB5-2\Debug\link.4768.read.1.tlog
C:\Users\Chris\Google Drive\UW-2013Fall\CSS342B\LAB5-2\LAB5-2\Debug\link.4768.write.1.tlog
C:\Users\Chris\Google Drive\UW-2013Fall\CSS342B\LAB5-2\LAB5-2\Debug\link.5320-cvtres.read.1.tlog
C:\Users\Chris\Google Drive\UW-2013Fall\CSS342B\LAB5-2\LAB5-2\Debug\link.5320-cvtres.write.1.tlog
C:\Users\Chris\Google Drive\UW-2013Fall\CSS342B\LAB5-2\LAB5-2\Debug\link.5320-rc.read.1.tlog
C:\Users\Chris\Google Drive\UW-2013Fall\CSS342B\LAB5-2\LAB5-2\Debug\link.5320-rc.write.1.tlog
C:\Users\Chris\Google Drive\UW-2013Fall\CSS342B\LAB5-2\LAB5-2\Debug\link.5320.read.1.tlog
C:\Users\Chris\Google Drive\UW-2013Fall\CSS342B\LAB5-2\LAB5-2\Debug\link.5320.write.1.tlog
C:\Users\Chris\Google Drive\UW-2013Fall\CSS342B\LAB5-2\LAB5-2\Debug\link.5340-cvtres.read.1.tlog
C:\Users\Chris\Google Drive\UW-2013Fall\CSS342B\LAB5-2\LAB5-2\Debug\link.5340-cvtres.write.1.tlog
C:\Users\Chris\Google Drive\UW-2013Fall\CSS342B\LAB5-2\LAB5-2\Debug\link.5340-rc.read.1.tlog
C:\Users\Chris\Google Drive\UW-2013Fall\CSS342B\LAB5-2\LAB5-2\Debug\link.5340-rc.write.1.tlog
C:\Users\Chris\Google Drive\UW-2013Fall\CSS342B\LAB5-2\LAB5-2\Debug\link.5340.read.1.tlog
C:\Users\Chris\Google Drive\UW-2013Fall\CSS342B\LAB5-2\LAB5-2\Debug\link.5340.write.1.tlog
C:\Users\Chris\Google Drive\UW-2013Fall\CSS342B\LAB5-2\LAB5-2\Debug\link.5588-cvtres.read.1.tlog
C:\Users\Chris\Google Drive\UW-2013Fall\CSS342B\LAB5-2\LAB5-2\Debug\link.5588-cvtres.write.1.tlog
C:\Users\Chris\Google Drive\UW-2013Fall\CSS342B\LAB5-2\LAB5-2\Debug\link.5588-rc.read.1.tlog
C:\Users\Chris\Google Drive\UW-2013Fall\CSS342B\LAB5-2\LAB5-2\Debug\link.5588-rc.write.1.tlog
C:\Users\Chris\Google Drive\UW-2013Fall\CSS342B\LAB5-2\LAB5-2\Debug\link.5588.read.1.tlog
C:\Users\Chris\Google Drive\UW-2013Fall\CSS342B\LAB5-2\LAB5-2\Debug\link.5588.write.1.tlog
C:\Users\Chris\Google Drive\UW-2013Fall\CSS342B\LAB5-2\LAB5-2\Debug\link.5636-cvtres.read.1.tlog
C:\Users\Chris\Google Drive\UW-2013Fall\CSS342B\LAB5-2\LAB5-2\Debug\link.5636-cvtres.write.1.tlog
C:\Users\Chris\Google Drive\UW-2013Fall\CSS342B\LAB5-2\LAB5-2\Debug\link.5636-rc.read.1.tlog
C:\Users\Chris\Google Drive\UW-2013Fall\CSS342B\LAB5-2\LAB5-2\Debug\link.5636-rc.write.1.tlog
C:\Users\Chris\Google Drive\UW-2013Fall\CSS342B\LAB5-2\LAB5-2\Debug\link.5636.read.1.tlog
C:\Users\Chris\Google Drive\UW-2013Fall\CSS342B\LAB5-2\LAB5-2\Debug\link.5636.write.1.tlog
C:\Users\Chris\Google Drive\UW-2013Fall\CSS342B\LAB5-2\LAB5-2\Debug\link.5944-cvtres.read.1.tlog
C:\Users\Chris\Google Drive\UW-2013Fall\CSS342B\LAB5-2\LAB5-2\Debug\link.5944-cvtres.write.1.tlog
C:\Users\Chris\Google Drive\UW-2013Fall\CSS342B\LAB5-2\LAB5-2\Debug\link.5944-rc.read.1.tlog
C:\Users\Chris\Google Drive\UW-2013Fall\CSS342B\LAB5-2\LAB5-2\Debug\link.5944-rc.write.1.tlog
C:\Users\Chris\Google Drive\UW-2013Fall\CSS342B\LAB5-2\LAB5-2\Debug\link.5944.read.1.tlog
C:\Users\Chris\Google Drive\UW-2013Fall\CSS342B\LAB5-2\LAB5-2\Debug\link.5944.write.1.tlog
C:\Users\Chris\Google Drive\UW-2013Fall\CSS342B\LAB5-2\LAB5-2\Debug\link.6308-cvtres.read.1.tlog
C:\Users\Chris\Google Drive\UW-2013Fall\CSS342B\LAB5-2\LAB5-2\Debug\link.6308-cvtres.write.1.tlog
C:\Users\Chris\Google Drive\UW-2013Fall\CSS342B\LAB5-2\LAB5-2\Debug\link.6308-rc.read.1.tlog
C:\Users\Chris\Google Drive\UW-2013Fall\CSS342B\LAB5-2\LAB5-2\Debug\link.6308-rc.write.1.tlog
C:\Users\Chris\Google Drive\UW-2013Fall\CSS342B\LAB5-2\LAB5-2\Debug\link.6308.read.1.tlog
C:\Users\Chris\Google Drive\UW-2013Fall\CSS342B\LAB5-2\LAB5-2\Debug\link.6308.write.1.tlog
C:\Users\Chris\Google Drive\UW-2013Fall\CSS342B\LAB5-2\LAB5-2\Debug\link.6372-cvtres.read.1.tlog
C:\Users\Chris\Google Drive\UW-2013Fall\CSS342B\LAB5-2\LAB5-2\Debug\link.6372-cvtres.write.1.tlog
C:\Users\Chris\Google Drive\UW-2013Fall\CSS342B\LAB5-2\LAB5-2\Debug\link.6372-rc.read.1.tlog
C:\Users\Chris\Google Drive\UW-2013Fall\CSS342B\LAB5-2\LAB5-2\Debug\link.6372-rc.write.1.tlog
C:\Users\Chris\Google Drive\UW-2013Fall\CSS342B\LAB5-2\LAB5-2\Debug\link.6372.read.1.tlog
C:\Users\Chris\Google Drive\UW-2013Fall\CSS342B\LAB5-2\LAB5-2\Debug\link.6372.write.1.tlog
C:\Users\Chris\Google Drive\UW-2013Fall\CSS342B\LAB5-2\LAB5-2\Debug\link.8944-cvtres.read.1.tlog
C:\Users\Chris\Google Drive\UW-2013Fall\CSS342B\LAB5-2\LAB5-2\Debug\link.8944-cvtres.write.1.tlog
C:\Users\Chris\Google Drive\UW-2013Fall\CSS342B\LAB5-2\LAB5-2\Debug\link.8944-rc.read.1.tlog
C:\Users\Chris\Google Drive\UW-2013Fall\CSS342B\LAB5-2\LAB5-2\Debug\link.8944-rc.write.1.tlog
C:\Users\Chris\Google Drive\UW-2013Fall\CSS342B\LAB5-2\LAB5-2\Debug\link.8944.read.1.tlog
C:\Users\Chris\Google Drive\UW-2013Fall\CSS342B\LAB5-2\LAB5-2\Debug\link.8944.write.1.tlog
C:\Users\Chris\Google Drive\UW-2013Fall\CSS342B\LAB5-2\LAB5-2\Debug\link.command.1.tlog
C:\Users\Chris\Google Drive\UW-2013Fall\CSS342B\LAB5-2\LAB5-2\Debug\link.read.1.tlog
C:\Users\Chris\Google Drive\UW-2013Fall\CSS342B\LAB5-2\LAB5-2\Debug\link.write.1.tlog
C:\Users\Chris\Google Drive\UW-2013Fall\CSS342B\LAB5-2\LAB5-2\Debug\vc110.idb
C:\Users\Chris\Google Drive\UW-2013Fall\CSS342B\LAB5-2\LAB5-2\Debug\vc110[Conflict 1].idb
C:\Users\Chris\Google Drive\UW-2013Fall\CSS342B\LAB5-2\LAB5-2\Debug\vc110[Conflict].idb
C:\Users\Chris\Google Drive\UW-2013Fall\CSS342B\LAB5-2\LAB5-2\Debug\vc110.pdb
C:\Users\Chris\Google Drive\UW-2013Fall\CSS342B\LAB5-2\LAB5-2\Debug\vc110[Conflict].pdb
C:\Users\Chris\Google Drive\UW-2013Fall\CSS342B\LAB5-2\Debug\LAB5-2.pdb
C:\Users\Chris\Google Drive\UW-2013Fall\CSS342B\LAB5-2\Debug\LAB5-2.exe
C:\Users\Chris\Google Drive\UW-2013Fall\CSS342B\LAB5-2\Debug\LAB5-2.ilk
