C:\USERS\CHRIS\SKYDRIVE\SCHOOL\UW\CSS 342B\CSS342LAB3\CSS342LAB3\DEBUG\EMPLOYEE.OBJ
C:\USERS\CHRIS\SKYDRIVE\SCHOOL\UW\CSS 342B\CSS342LAB3\CSS342LAB3\DEBUG\LAB3.OBJ
C:\USERS\CHRIS\SKYDRIVE\SCHOOL\UW\CSS 342B\CSS342LAB3\CSS342LAB3\DEBUG\NODEDATA.OBJ
C:\USERS\CHRIS\SKYDRIVE\SCHOOL\UW\CSS 342B\CSS342LAB3\CSS342LAB3\DEBUG\VC110.PDB
C:\USERS\CHRIS\SKYDRIVE\SCHOOL\UW\CSS 342B\CSS342LAB3\DEBUG\CSS342LAB3.ILK
C:\USERS\CHRIS\SKYDRIVE\SCHOOL\UW\CSS 342B\CSS342LAB3\DEBUG\CSS342LAB3.EXE
C:\USERS\CHRIS\SKYDRIVE\SCHOOL\UW\CSS 342B\CSS342LAB3\DEBUG\CSS342LAB3.PDB
C:\Users\Chris\SkyDrive\School\UW\CSS 342B\CSS342LAB3\CSS342LAB3\Debug\employee.obj
C:\Users\Chris\SkyDrive\School\UW\CSS 342B\CSS342LAB3\CSS342LAB3\Debug\nodedata.obj
C:\Users\Chris\SkyDrive\School\UW\CSS 342B\CSS342LAB3\CSS342LAB3\Debug\cl.command.1.tlog
C:\Users\Chris\SkyDrive\School\UW\CSS 342B\CSS342LAB3\CSS342LAB3\Debug\CL.read.1.tlog
C:\Users\Chris\SkyDrive\School\UW\CSS 342B\CSS342LAB3\CSS342LAB3\Debug\CL.write.1.tlog
C:\Users\Chris\SkyDrive\School\UW\CSS 342B\CSS342LAB3\CSS342LAB3\Debug\link-cvtres.read.1.tlog
C:\Users\Chris\SkyDrive\School\UW\CSS 342B\CSS342LAB3\CSS342LAB3\Debug\link-cvtres.write.1.tlog
C:\Users\Chris\SkyDrive\School\UW\CSS 342B\CSS342LAB3\CSS342LAB3\Debug\link-rc.read.1.tlog
C:\Users\Chris\SkyDrive\School\UW\CSS 342B\CSS342LAB3\CSS342LAB3\Debug\link-rc.write.1.tlog
C:\Users\Chris\SkyDrive\School\UW\CSS 342B\CSS342LAB3\CSS342LAB3\Debug\link.3388-cvtres.read.1.tlog
C:\Users\Chris\SkyDrive\School\UW\CSS 342B\CSS342LAB3\CSS342LAB3\Debug\link.3388-cvtres.write.1.tlog
C:\Users\Chris\SkyDrive\School\UW\CSS 342B\CSS342LAB3\CSS342LAB3\Debug\link.3388-rc.read.1.tlog
C:\Users\Chris\SkyDrive\School\UW\CSS 342B\CSS342LAB3\CSS342LAB3\Debug\link.3388-rc.write.1.tlog
C:\Users\Chris\SkyDrive\School\UW\CSS 342B\CSS342LAB3\CSS342LAB3\Debug\link.3388.read.1.tlog
C:\Users\Chris\SkyDrive\School\UW\CSS 342B\CSS342LAB3\CSS342LAB3\Debug\link.3388.write.1.tlog
C:\Users\Chris\SkyDrive\School\UW\CSS 342B\CSS342LAB3\CSS342LAB3\Debug\link.6220-cvtres.read.1.tlog
C:\Users\Chris\SkyDrive\School\UW\CSS 342B\CSS342LAB3\CSS342LAB3\Debug\link.6220-cvtres.write.1.tlog
C:\Users\Chris\SkyDrive\School\UW\CSS 342B\CSS342LAB3\CSS342LAB3\Debug\link.6220-rc.read.1.tlog
C:\Users\Chris\SkyDrive\School\UW\CSS 342B\CSS342LAB3\CSS342LAB3\Debug\link.6220-rc.write.1.tlog
C:\Users\Chris\SkyDrive\School\UW\CSS 342B\CSS342LAB3\CSS342LAB3\Debug\link.6220.read.1.tlog
C:\Users\Chris\SkyDrive\School\UW\CSS 342B\CSS342LAB3\CSS342LAB3\Debug\link.6220.write.1.tlog
C:\Users\Chris\SkyDrive\School\UW\CSS 342B\CSS342LAB3\CSS342LAB3\Debug\link.6600-cvtres.read.1.tlog
C:\Users\Chris\SkyDrive\School\UW\CSS 342B\CSS342LAB3\CSS342LAB3\Debug\link.6600-cvtres.write.1.tlog
C:\Users\Chris\SkyDrive\School\UW\CSS 342B\CSS342LAB3\CSS342LAB3\Debug\link.6600-rc.read.1.tlog
C:\Users\Chris\SkyDrive\School\UW\CSS 342B\CSS342LAB3\CSS342LAB3\Debug\link.6600-rc.write.1.tlog
C:\Users\Chris\SkyDrive\School\UW\CSS 342B\CSS342LAB3\CSS342LAB3\Debug\link.6600.read.1.tlog
C:\Users\Chris\SkyDrive\School\UW\CSS 342B\CSS342LAB3\CSS342LAB3\Debug\link.6600.write.1.tlog
C:\Users\Chris\SkyDrive\School\UW\CSS 342B\CSS342LAB3\CSS342LAB3\Debug\link.command.1.tlog
C:\Users\Chris\SkyDrive\School\UW\CSS 342B\CSS342LAB3\CSS342LAB3\Debug\link.read.1.tlog
C:\Users\Chris\SkyDrive\School\UW\CSS 342B\CSS342LAB3\CSS342LAB3\Debug\link.write.1.tlog
C:\Users\Chris\SkyDrive\School\UW\CSS 342B\CSS342LAB3\CSS342LAB3\Debug\vc110.idb
C:\Users\Chris\SkyDrive\School\UW\CSS 342B\CSS342LAB3\CSS342LAB3\Debug\vc110.pdb
C:\Users\Chris\SkyDrive\School\UW\CSS 342B\CSS342LAB3\Debug\CSS342LAB3.pdb
C:\Users\Chris\SkyDrive\School\UW\CSS 342B\CSS342LAB3\Debug\CSS342LAB3.exe
C:\Users\Chris\SkyDrive\School\UW\CSS 342B\CSS342LAB3\Debug\CSS342LAB3.ilk
