C:\USERS\CHRISTOPHER\SKYDRIVE\SCHOOL\UW\CSS 342B\CSS342LAB2\CSS342LAB2\DEBUG\INTSET.OBJ
C:\USERS\CHRISTOPHER\SKYDRIVE\SCHOOL\UW\CSS 342B\CSS342LAB2\CSS342LAB2\DEBUG\LAB2.OBJ
C:\USERS\CHRISTOPHER\SKYDRIVE\SCHOOL\UW\CSS 342B\CSS342LAB2\CSS342LAB2\DEBUG\VC110.PDB
C:\USERS\CHRISTOPHER\SKYDRIVE\SCHOOL\UW\CSS 342B\CSS342LAB2\DEBUG\CSS342LAB2.ILK
C:\USERS\CHRISTOPHER\SKYDRIVE\SCHOOL\UW\CSS 342B\CSS342LAB2\DEBUG\CSS342LAB2.EXE
C:\USERS\CHRISTOPHER\SKYDRIVE\SCHOOL\UW\CSS 342B\CSS342LAB2\DEBUG\CSS342LAB2.PDB
C:\Users\Christopher\SkyDrive\School\UW\CSS 342B\CSS342LAB2\CSS342LAB2\Debug\intset.obj
C:\Users\Christopher\SkyDrive\School\UW\CSS 342B\CSS342LAB2\CSS342LAB2\Debug\lab2.obj
C:\Users\Christopher\SkyDrive\School\UW\CSS 342B\CSS342LAB2\CSS342LAB2\Debug\cl.command.1.tlog
C:\Users\Christopher\SkyDrive\School\UW\CSS 342B\CSS342LAB2\CSS342LAB2\Debug\CL.read.1.tlog
C:\Users\Christopher\SkyDrive\School\UW\CSS 342B\CSS342LAB2\CSS342LAB2\Debug\CL.write.1.tlog
C:\Users\Christopher\SkyDrive\School\UW\CSS 342B\CSS342LAB2\CSS342LAB2\Debug\link-cvtres.read.1.tlog
C:\Users\Christopher\SkyDrive\School\UW\CSS 342B\CSS342LAB2\CSS342LAB2\Debug\link-cvtres.write.1.tlog
C:\Users\Christopher\SkyDrive\School\UW\CSS 342B\CSS342LAB2\CSS342LAB2\Debug\link-rc.read.1.tlog
C:\Users\Christopher\SkyDrive\School\UW\CSS 342B\CSS342LAB2\CSS342LAB2\Debug\link-rc.write.1.tlog
C:\Users\Christopher\SkyDrive\School\UW\CSS 342B\CSS342LAB2\CSS342LAB2\Debug\link.10008-cvtres.read.1.tlog
C:\Users\Christopher\SkyDrive\School\UW\CSS 342B\CSS342LAB2\CSS342LAB2\Debug\link.10008-cvtres.write.1.tlog
C:\Users\Christopher\SkyDrive\School\UW\CSS 342B\CSS342LAB2\CSS342LAB2\Debug\link.10008-rc.read.1.tlog
C:\Users\Christopher\SkyDrive\School\UW\CSS 342B\CSS342LAB2\CSS342LAB2\Debug\link.10008-rc.write.1.tlog
C:\Users\Christopher\SkyDrive\School\UW\CSS 342B\CSS342LAB2\CSS342LAB2\Debug\link.10008.read.1.tlog
C:\Users\Christopher\SkyDrive\School\UW\CSS 342B\CSS342LAB2\CSS342LAB2\Debug\link.10008.write.1.tlog
C:\Users\Christopher\SkyDrive\School\UW\CSS 342B\CSS342LAB2\CSS342LAB2\Debug\link.11388-cvtres.read.1.tlog
C:\Users\Christopher\SkyDrive\School\UW\CSS 342B\CSS342LAB2\CSS342LAB2\Debug\link.11388-cvtres.write.1.tlog
C:\Users\Christopher\SkyDrive\School\UW\CSS 342B\CSS342LAB2\CSS342LAB2\Debug\link.11388-rc.read.1.tlog
C:\Users\Christopher\SkyDrive\School\UW\CSS 342B\CSS342LAB2\CSS342LAB2\Debug\link.11388-rc.write.1.tlog
C:\Users\Christopher\SkyDrive\School\UW\CSS 342B\CSS342LAB2\CSS342LAB2\Debug\link.11388.read.1.tlog
C:\Users\Christopher\SkyDrive\School\UW\CSS 342B\CSS342LAB2\CSS342LAB2\Debug\link.11388.write.1.tlog
C:\Users\Christopher\SkyDrive\School\UW\CSS 342B\CSS342LAB2\CSS342LAB2\Debug\link.4960-cvtres.read.1.tlog
C:\Users\Christopher\SkyDrive\School\UW\CSS 342B\CSS342LAB2\CSS342LAB2\Debug\link.4960-cvtres.write.1.tlog
C:\Users\Christopher\SkyDrive\School\UW\CSS 342B\CSS342LAB2\CSS342LAB2\Debug\link.4960-rc.read.1.tlog
C:\Users\Christopher\SkyDrive\School\UW\CSS 342B\CSS342LAB2\CSS342LAB2\Debug\link.4960-rc.write.1.tlog
C:\Users\Christopher\SkyDrive\School\UW\CSS 342B\CSS342LAB2\CSS342LAB2\Debug\link.4960.read.1.tlog
C:\Users\Christopher\SkyDrive\School\UW\CSS 342B\CSS342LAB2\CSS342LAB2\Debug\link.4960.write.1.tlog
C:\Users\Christopher\SkyDrive\School\UW\CSS 342B\CSS342LAB2\CSS342LAB2\Debug\link.5996-cvtres.read.1.tlog
C:\Users\Christopher\SkyDrive\School\UW\CSS 342B\CSS342LAB2\CSS342LAB2\Debug\link.5996-cvtres.write.1.tlog
C:\Users\Christopher\SkyDrive\School\UW\CSS 342B\CSS342LAB2\CSS342LAB2\Debug\link.5996-rc.read.1.tlog
C:\Users\Christopher\SkyDrive\School\UW\CSS 342B\CSS342LAB2\CSS342LAB2\Debug\link.5996-rc.write.1.tlog
C:\Users\Christopher\SkyDrive\School\UW\CSS 342B\CSS342LAB2\CSS342LAB2\Debug\link.5996.read.1.tlog
C:\Users\Christopher\SkyDrive\School\UW\CSS 342B\CSS342LAB2\CSS342LAB2\Debug\link.5996.write.1.tlog
C:\Users\Christopher\SkyDrive\School\UW\CSS 342B\CSS342LAB2\CSS342LAB2\Debug\link.824-cvtres.read.1.tlog
C:\Users\Christopher\SkyDrive\School\UW\CSS 342B\CSS342LAB2\CSS342LAB2\Debug\link.824-cvtres.write.1.tlog
C:\Users\Christopher\SkyDrive\School\UW\CSS 342B\CSS342LAB2\CSS342LAB2\Debug\link.824-rc.read.1.tlog
C:\Users\Christopher\SkyDrive\School\UW\CSS 342B\CSS342LAB2\CSS342LAB2\Debug\link.824-rc.write.1.tlog
C:\Users\Christopher\SkyDrive\School\UW\CSS 342B\CSS342LAB2\CSS342LAB2\Debug\link.824.read.1.tlog
C:\Users\Christopher\SkyDrive\School\UW\CSS 342B\CSS342LAB2\CSS342LAB2\Debug\link.824.write.1.tlog
C:\Users\Christopher\SkyDrive\School\UW\CSS 342B\CSS342LAB2\CSS342LAB2\Debug\link.84-cvtres.read.1.tlog
C:\Users\Christopher\SkyDrive\School\UW\CSS 342B\CSS342LAB2\CSS342LAB2\Debug\link.84-cvtres.write.1.tlog
C:\Users\Christopher\SkyDrive\School\UW\CSS 342B\CSS342LAB2\CSS342LAB2\Debug\link.84-rc.read.1.tlog
C:\Users\Christopher\SkyDrive\School\UW\CSS 342B\CSS342LAB2\CSS342LAB2\Debug\link.84-rc.write.1.tlog
C:\Users\Christopher\SkyDrive\School\UW\CSS 342B\CSS342LAB2\CSS342LAB2\Debug\link.84.read.1.tlog
C:\Users\Christopher\SkyDrive\School\UW\CSS 342B\CSS342LAB2\CSS342LAB2\Debug\link.84.write.1.tlog
C:\Users\Christopher\SkyDrive\School\UW\CSS 342B\CSS342LAB2\CSS342LAB2\Debug\link.command.1.tlog
C:\Users\Christopher\SkyDrive\School\UW\CSS 342B\CSS342LAB2\CSS342LAB2\Debug\link.read.1.tlog
C:\Users\Christopher\SkyDrive\School\UW\CSS 342B\CSS342LAB2\CSS342LAB2\Debug\link.write.1.tlog
C:\Users\Christopher\SkyDrive\School\UW\CSS 342B\CSS342LAB2\CSS342LAB2\Debug\vc110.idb
C:\Users\Christopher\SkyDrive\School\UW\CSS 342B\CSS342LAB2\CSS342LAB2\Debug\vc110.pdb
C:\Users\Christopher\SkyDrive\School\UW\CSS 342B\CSS342LAB2\Debug\CSS342LAB2.pdb
C:\Users\Christopher\SkyDrive\School\UW\CSS 342B\CSS342LAB2\Debug\CSS342LAB2.exe
C:\Users\Christopher\SkyDrive\School\UW\CSS 342B\CSS342LAB2\Debug\CSS342LAB2.ilk
