C:\USERS\CHRIS\SKYDRIVE\SCHOOL\UW\CSS 343B\CSS343LAB3\CSS343LAB3\DEBUG\NODEDATA.OBJ
C:\USERS\CHRIS\SKYDRIVE\SCHOOL\UW\CSS 343B\CSS343LAB3\CSS343LAB3\DEBUG\VC110.PDB
C:\USERS\CHRIS\SKYDRIVE\SCHOOL\UW\CSS 343B\CSS343LAB3\CSS343LAB3\DEBUG\GRAPHM.OBJ
C:\USERS\CHRIS\SKYDRIVE\SCHOOL\UW\CSS 343B\CSS343LAB3\CSS343LAB3\DEBUG\GRAPHL.OBJ
C:\USERS\CHRIS\SKYDRIVE\SCHOOL\UW\CSS 343B\CSS343LAB3\CSS343LAB3\DEBUG\LAB3.OBJ
C:\Users\Chris\SkyDrive\School\UW\CSS 343B\CSS343LAB3\CSS343LAB3\Debug\graphl.obj
C:\Users\Chris\SkyDrive\School\UW\CSS 343B\CSS343LAB3\CSS343LAB3\Debug\graphm.obj
C:\Users\Chris\SkyDrive\School\UW\CSS 343B\CSS343LAB3\CSS343LAB3\Debug\lab3.obj
C:\Users\Chris\SkyDrive\School\UW\CSS 343B\CSS343LAB3\CSS343LAB3\Debug\nodedata.obj
C:\Users\Chris\SkyDrive\School\UW\CSS 343B\CSS343LAB3\CSS343LAB3\Debug\cl.command.1.tlog
C:\Users\Chris\SkyDrive\School\UW\CSS 343B\CSS343LAB3\CSS343LAB3\Debug\CL.read.1.tlog
C:\Users\Chris\SkyDrive\School\UW\CSS 343B\CSS343LAB3\CSS343LAB3\Debug\CL.write.1.tlog
C:\Users\Chris\SkyDrive\School\UW\CSS 343B\CSS343LAB3\CSS343LAB3\Debug\link-cvtres.read.1.tlog
C:\Users\Chris\SkyDrive\School\UW\CSS 343B\CSS343LAB3\CSS343LAB3\Debug\link-cvtres.write.1.tlog
C:\Users\Chris\SkyDrive\School\UW\CSS 343B\CSS343LAB3\CSS343LAB3\Debug\link-rc.read.1.tlog
C:\Users\Chris\SkyDrive\School\UW\CSS 343B\CSS343LAB3\CSS343LAB3\Debug\link-rc.write.1.tlog
C:\Users\Chris\SkyDrive\School\UW\CSS 343B\CSS343LAB3\CSS343LAB3\Debug\link.command.1.tlog
C:\Users\Chris\SkyDrive\School\UW\CSS 343B\CSS343LAB3\CSS343LAB3\Debug\link.read.1.tlog
C:\Users\Chris\SkyDrive\School\UW\CSS 343B\CSS343LAB3\CSS343LAB3\Debug\link.write.1.tlog
C:\Users\Chris\SkyDrive\School\UW\CSS 343B\CSS343LAB3\CSS343LAB3\Debug\vc110.idb
C:\Users\Chris\SkyDrive\School\UW\CSS 343B\CSS343LAB3\CSS343LAB3\Debug\vc110.pdb
C:\Users\Chris\SkyDrive\School\UW\CSS 343B\CSS343LAB3\Debug\CSS343LAB3.pdb
