Build started 2/6/2014 9:28:25 PM.
     1>Project "C:\Users\Chris\SkyDrive\School\UW\CSS 343B\CSS343LAB3\CSS343LAB3\CSS343LAB3.vcxproj" on node 2 (Build target(s)).
     1>ClCompile:
         C:\Program Files (x86)\Microsoft Visual Studio 11.0\VC\bin\CL.exe /c /ZI /nologo /W3 /WX- /sdl /Od /Oy- /D WIN32 /D _DEBUG /D _CONSOLE /D _UNICODE /D UNICODE /Gm /EHsc /RTC1 /MDd /GS /fp:precise /Zc:wchar_t /Zc:forScope /Fo"Debug\\" /Fd"Debug\vc110.pdb" /Gd /TP /analyze- /errorReport:prompt graphl.cpp graphm.cpp lab3.cpp
         graphl.cpp
         Generating Code...
         Compiling...
         graphm.cpp
         Generating Code...
         Skipping... (no relevant changes detected)
         lab3.cpp
       Link:
         C:\Program Files (x86)\Microsoft Visual Studio 11.0\VC\bin\link.exe /ERRORREPORT:PROMPT /OUT:"C:\Users\Chris\SkyDrive\School\UW\CSS 343B\CSS343LAB3\Debug\CSS343LAB3.exe" /INCREMENTAL /NOLOGO kernel32.lib user32.lib gdi32.lib winspool.lib comdlg32.lib advapi32.lib shell32.lib ole32.lib oleaut32.lib uuid.lib odbc32.lib odbccp32.lib /MANIFEST /MANIFESTUAC:"level='asInvoker' uiAccess='false'" /manifest:embed /DEBUG /PDB:"C:\Users\Chris\SkyDrive\School\UW\CSS 343B\CSS343LAB3\Debug\CSS343LAB3.pdb" /SUBSYSTEM:CONSOLE /TLBID:1 /DYNAMICBASE /NXCOMPAT /IMPLIB:"C:\Users\Chris\SkyDrive\School\UW\CSS 343B\CSS343LAB3\Debug\CSS343LAB3.lib" /MACHINE:X86 Debug\graphl.obj
         Debug\graphm.obj
         Debug\lab3.obj
         Debug\nodedata.obj
         CSS343LAB3.vcxproj -> C:\Users\Chris\SkyDrive\School\UW\CSS 343B\CSS343LAB3\Debug\CSS343LAB3.exe
     1>Done Building Project "C:\Users\Chris\SkyDrive\School\UW\CSS 343B\CSS343LAB3\CSS343LAB3\CSS343LAB3.vcxproj" (Build target(s)).

Build succeeded.

Time Elapsed 00:00:01.73
