C:\USERS\V-CTRAN\SKYDRIVE\SCHOOL\UW\CSS 343B\CSS343LAB4\LAB4IMPLEMENT\LAB4IMPLEMENT\DEBUG\BINTREE.OBJ
C:\USERS\V-CTRAN\SKYDRIVE\SCHOOL\UW\CSS 343B\CSS343LAB4\LAB4IMPLEMENT\LAB4IMPLEMENT\DEBUG\BOOK.OBJ
C:\USERS\V-CTRAN\SKYDRIVE\SCHOOL\UW\CSS 343B\CSS343LAB4\LAB4IMPLEMENT\LAB4IMPLEMENT\DEBUG\CHECKIN.OBJ
C:\USERS\V-CTRAN\SKYDRIVE\SCHOOL\UW\CSS 343B\CSS343LAB4\LAB4IMPLEMENT\LAB4IMPLEMENT\DEBUG\CHECKOUT.OBJ
C:\USERS\V-CTRAN\SKYDRIVE\SCHOOL\UW\CSS 343B\CSS343LAB4\LAB4IMPLEMENT\LAB4IMPLEMENT\DEBUG\DISPLAYALL.OBJ
C:\USERS\V-CTRAN\SKYDRIVE\SCHOOL\UW\CSS 343B\CSS343LAB4\LAB4IMPLEMENT\LAB4IMPLEMENT\DEBUG\FICTION.OBJ
C:\USERS\V-CTRAN\SKYDRIVE\SCHOOL\UW\CSS 343B\CSS343LAB4\LAB4IMPLEMENT\LAB4IMPLEMENT\DEBUG\HISTORY.OBJ
C:\USERS\V-CTRAN\SKYDRIVE\SCHOOL\UW\CSS 343B\CSS343LAB4\LAB4IMPLEMENT\LAB4IMPLEMENT\DEBUG\HISTORYDISPLAY.OBJ
C:\USERS\V-CTRAN\SKYDRIVE\SCHOOL\UW\CSS 343B\CSS343LAB4\LAB4IMPLEMENT\LAB4IMPLEMENT\DEBUG\LIBACTION.OBJ
C:\USERS\V-CTRAN\SKYDRIVE\SCHOOL\UW\CSS 343B\CSS343LAB4\LAB4IMPLEMENT\LAB4IMPLEMENT\DEBUG\LIBACTIONFACTORY.OBJ
C:\USERS\V-CTRAN\SKYDRIVE\SCHOOL\UW\CSS 343B\CSS343LAB4\LAB4IMPLEMENT\LAB4IMPLEMENT\DEBUG\LIBRARIAN.OBJ
C:\USERS\V-CTRAN\SKYDRIVE\SCHOOL\UW\CSS 343B\CSS343LAB4\LAB4IMPLEMENT\LAB4IMPLEMENT\DEBUG\LIBRARY.OBJ
C:\USERS\V-CTRAN\SKYDRIVE\SCHOOL\UW\CSS 343B\CSS343LAB4\LAB4IMPLEMENT\LAB4IMPLEMENT\DEBUG\PATRON.OBJ
C:\USERS\V-CTRAN\SKYDRIVE\SCHOOL\UW\CSS 343B\CSS343LAB4\LAB4IMPLEMENT\LAB4IMPLEMENT\DEBUG\PATRONDB.OBJ
C:\USERS\V-CTRAN\SKYDRIVE\SCHOOL\UW\CSS 343B\CSS343LAB4\LAB4IMPLEMENT\LAB4IMPLEMENT\DEBUG\PERIODICAL.OBJ
C:\USERS\V-CTRAN\SKYDRIVE\SCHOOL\UW\CSS 343B\CSS343LAB4\LAB4IMPLEMENT\LAB4IMPLEMENT\DEBUG\PUBLICATION.OBJ
C:\USERS\V-CTRAN\SKYDRIVE\SCHOOL\UW\CSS 343B\CSS343LAB4\LAB4IMPLEMENT\LAB4IMPLEMENT\DEBUG\SHELF.OBJ
C:\USERS\V-CTRAN\SKYDRIVE\SCHOOL\UW\CSS 343B\CSS343LAB4\LAB4IMPLEMENT\LAB4IMPLEMENT\DEBUG\TEST.OBJ
C:\USERS\V-CTRAN\SKYDRIVE\SCHOOL\UW\CSS 343B\CSS343LAB4\LAB4IMPLEMENT\LAB4IMPLEMENT\DEBUG\YOUTH.OBJ
C:\USERS\V-CTRAN\SKYDRIVE\SCHOOL\UW\CSS 343B\CSS343LAB4\LAB4IMPLEMENT\LAB4IMPLEMENT\DEBUG\VC110.PDB
C:\USERS\CHRISTOPHER\SKYDRIVE\SCHOOL\UW\CSS 343B\CSS343LAB4\LAB4IMPLEMENT\LAB4IMPLEMENT\DEBUG\BINTREE.OBJ
C:\USERS\CHRISTOPHER\SKYDRIVE\SCHOOL\UW\CSS 343B\CSS343LAB4\LAB4IMPLEMENT\LAB4IMPLEMENT\DEBUG\BOOK.OBJ
C:\USERS\CHRISTOPHER\SKYDRIVE\SCHOOL\UW\CSS 343B\CSS343LAB4\LAB4IMPLEMENT\LAB4IMPLEMENT\DEBUG\CHECKIN.OBJ
C:\USERS\CHRISTOPHER\SKYDRIVE\SCHOOL\UW\CSS 343B\CSS343LAB4\LAB4IMPLEMENT\LAB4IMPLEMENT\DEBUG\CHECKOUT.OBJ
C:\USERS\CHRISTOPHER\SKYDRIVE\SCHOOL\UW\CSS 343B\CSS343LAB4\LAB4IMPLEMENT\LAB4IMPLEMENT\DEBUG\FICTION.OBJ
C:\USERS\CHRISTOPHER\SKYDRIVE\SCHOOL\UW\CSS 343B\CSS343LAB4\LAB4IMPLEMENT\LAB4IMPLEMENT\DEBUG\HISTORY.OBJ
C:\USERS\CHRISTOPHER\SKYDRIVE\SCHOOL\UW\CSS 343B\CSS343LAB4\LAB4IMPLEMENT\LAB4IMPLEMENT\DEBUG\HISTORYDISPLAY.OBJ
C:\USERS\CHRISTOPHER\SKYDRIVE\SCHOOL\UW\CSS 343B\CSS343LAB4\LAB4IMPLEMENT\LAB4IMPLEMENT\DEBUG\LIBACTIONFACTORY.OBJ
C:\USERS\CHRISTOPHER\SKYDRIVE\SCHOOL\UW\CSS 343B\CSS343LAB4\LAB4IMPLEMENT\LAB4IMPLEMENT\DEBUG\LIBRARIAN.OBJ
C:\USERS\CHRISTOPHER\SKYDRIVE\SCHOOL\UW\CSS 343B\CSS343LAB4\LAB4IMPLEMENT\LAB4IMPLEMENT\DEBUG\LIBRARY.OBJ
C:\USERS\CHRISTOPHER\SKYDRIVE\SCHOOL\UW\CSS 343B\CSS343LAB4\LAB4IMPLEMENT\LAB4IMPLEMENT\DEBUG\PATRON.OBJ
C:\USERS\CHRISTOPHER\SKYDRIVE\SCHOOL\UW\CSS 343B\CSS343LAB4\LAB4IMPLEMENT\LAB4IMPLEMENT\DEBUG\PATRONDB.OBJ
C:\USERS\CHRISTOPHER\SKYDRIVE\SCHOOL\UW\CSS 343B\CSS343LAB4\LAB4IMPLEMENT\LAB4IMPLEMENT\DEBUG\PERIODICAL.OBJ
C:\USERS\CHRISTOPHER\SKYDRIVE\SCHOOL\UW\CSS 343B\CSS343LAB4\LAB4IMPLEMENT\LAB4IMPLEMENT\DEBUG\PUBLICATION.OBJ
C:\USERS\CHRISTOPHER\SKYDRIVE\SCHOOL\UW\CSS 343B\CSS343LAB4\LAB4IMPLEMENT\LAB4IMPLEMENT\DEBUG\SHELF.OBJ
C:\USERS\CHRISTOPHER\SKYDRIVE\SCHOOL\UW\CSS 343B\CSS343LAB4\LAB4IMPLEMENT\LAB4IMPLEMENT\DEBUG\TEST.OBJ
C:\USERS\CHRISTOPHER\SKYDRIVE\SCHOOL\UW\CSS 343B\CSS343LAB4\LAB4IMPLEMENT\LAB4IMPLEMENT\DEBUG\YOUTH.OBJ
C:\USERS\CHRISTOPHER\SKYDRIVE\SCHOOL\UW\CSS 343B\CSS343LAB4\LAB4IMPLEMENT\LAB4IMPLEMENT\DEBUG\VC110.PDB
C:\USERS\V-CTRAN\SKYDRIVE\SCHOOL\UW\CSS 343B\CSS343LAB4\LAB4IMPLEMENT\DEBUG\LAB4IMPLEMENT.ILK
C:\USERS\V-CTRAN\SKYDRIVE\SCHOOL\UW\CSS 343B\CSS343LAB4\LAB4IMPLEMENT\DEBUG\LAB4IMPLEMENT.EXE
C:\USERS\V-CTRAN\SKYDRIVE\SCHOOL\UW\CSS 343B\CSS343LAB4\LAB4IMPLEMENT\DEBUG\LAB4IMPLEMENT.PDB
C:\Users\Christopher\SkyDrive\School\UW\CSS 343B\CSS343LAB4\LAB4Implement\LAB4Implement\Debug\bintree.obj
C:\Users\Christopher\SkyDrive\School\UW\CSS 343B\CSS343LAB4\LAB4Implement\LAB4Implement\Debug\book.obj
C:\Users\Christopher\SkyDrive\School\UW\CSS 343B\CSS343LAB4\LAB4Implement\LAB4Implement\Debug\checkin.obj
C:\Users\Christopher\SkyDrive\School\UW\CSS 343B\CSS343LAB4\LAB4Implement\LAB4Implement\Debug\checkout.obj
C:\Users\Christopher\SkyDrive\School\UW\CSS 343B\CSS343LAB4\LAB4Implement\LAB4Implement\Debug\displayall.obj
C:\Users\Christopher\SkyDrive\School\UW\CSS 343B\CSS343LAB4\LAB4Implement\LAB4Implement\Debug\fiction.obj
C:\Users\Christopher\SkyDrive\School\UW\CSS 343B\CSS343LAB4\LAB4Implement\LAB4Implement\Debug\history.obj
C:\Users\Christopher\SkyDrive\School\UW\CSS 343B\CSS343LAB4\LAB4Implement\LAB4Implement\Debug\historydisplay.obj
C:\Users\Christopher\SkyDrive\School\UW\CSS 343B\CSS343LAB4\LAB4Implement\LAB4Implement\Debug\libaction.obj
C:\Users\Christopher\SkyDrive\School\UW\CSS 343B\CSS343LAB4\LAB4Implement\LAB4Implement\Debug\libactionfactory.obj
C:\Users\Christopher\SkyDrive\School\UW\CSS 343B\CSS343LAB4\LAB4Implement\LAB4Implement\Debug\librarian.obj
C:\Users\Christopher\SkyDrive\School\UW\CSS 343B\CSS343LAB4\LAB4Implement\LAB4Implement\Debug\library.obj
C:\Users\Christopher\SkyDrive\School\UW\CSS 343B\CSS343LAB4\LAB4Implement\LAB4Implement\Debug\patron.obj
C:\Users\Christopher\SkyDrive\School\UW\CSS 343B\CSS343LAB4\LAB4Implement\LAB4Implement\Debug\patrondb.obj
C:\Users\Christopher\SkyDrive\School\UW\CSS 343B\CSS343LAB4\LAB4Implement\LAB4Implement\Debug\periodical.obj
C:\Users\Christopher\SkyDrive\School\UW\CSS 343B\CSS343LAB4\LAB4Implement\LAB4Implement\Debug\publication.obj
C:\Users\Christopher\SkyDrive\School\UW\CSS 343B\CSS343LAB4\LAB4Implement\LAB4Implement\Debug\shelf.obj
C:\Users\Christopher\SkyDrive\School\UW\CSS 343B\CSS343LAB4\LAB4Implement\LAB4Implement\Debug\test.obj
C:\Users\Christopher\SkyDrive\School\UW\CSS 343B\CSS343LAB4\LAB4Implement\LAB4Implement\Debug\youth.obj
C:\Users\Christopher\SkyDrive\School\UW\CSS 343B\CSS343LAB4\LAB4Implement\LAB4Implement\Debug\cl.command.1.tlog
C:\Users\Christopher\SkyDrive\School\UW\CSS 343B\CSS343LAB4\LAB4Implement\LAB4Implement\Debug\CL.read.1.tlog
C:\Users\Christopher\SkyDrive\School\UW\CSS 343B\CSS343LAB4\LAB4Implement\LAB4Implement\Debug\CL.write.1.tlog
C:\Users\Christopher\SkyDrive\School\UW\CSS 343B\CSS343LAB4\LAB4Implement\LAB4Implement\Debug\link-cvtres.read.1.tlog
C:\Users\Christopher\SkyDrive\School\UW\CSS 343B\CSS343LAB4\LAB4Implement\LAB4Implement\Debug\link-cvtres.write.1.tlog
C:\Users\Christopher\SkyDrive\School\UW\CSS 343B\CSS343LAB4\LAB4Implement\LAB4Implement\Debug\link-rc.read.1.tlog
C:\Users\Christopher\SkyDrive\School\UW\CSS 343B\CSS343LAB4\LAB4Implement\LAB4Implement\Debug\link-rc.write.1.tlog
C:\Users\Christopher\SkyDrive\School\UW\CSS 343B\CSS343LAB4\LAB4Implement\LAB4Implement\Debug\link.18360-cvtres.read.1.tlog
C:\Users\Christopher\SkyDrive\School\UW\CSS 343B\CSS343LAB4\LAB4Implement\LAB4Implement\Debug\link.18360-cvtres.write.1.tlog
C:\Users\Christopher\SkyDrive\School\UW\CSS 343B\CSS343LAB4\LAB4Implement\LAB4Implement\Debug\link.18360-rc.read.1.tlog
C:\Users\Christopher\SkyDrive\School\UW\CSS 343B\CSS343LAB4\LAB4Implement\LAB4Implement\Debug\link.18360-rc.write.1.tlog
C:\Users\Christopher\SkyDrive\School\UW\CSS 343B\CSS343LAB4\LAB4Implement\LAB4Implement\Debug\link.18360.read.1.tlog
C:\Users\Christopher\SkyDrive\School\UW\CSS 343B\CSS343LAB4\LAB4Implement\LAB4Implement\Debug\link.18360.write.1.tlog
C:\Users\Christopher\SkyDrive\School\UW\CSS 343B\CSS343LAB4\LAB4Implement\LAB4Implement\Debug\link.command.1.tlog
C:\Users\Christopher\SkyDrive\School\UW\CSS 343B\CSS343LAB4\LAB4Implement\LAB4Implement\Debug\link.read.1.tlog
C:\Users\Christopher\SkyDrive\School\UW\CSS 343B\CSS343LAB4\LAB4Implement\LAB4Implement\Debug\link.write.1.tlog
C:\Users\Christopher\SkyDrive\School\UW\CSS 343B\CSS343LAB4\LAB4Implement\LAB4Implement\Debug\vc110.idb
C:\Users\Christopher\SkyDrive\School\UW\CSS 343B\CSS343LAB4\LAB4Implement\LAB4Implement\Debug\vc110.pdb
C:\Users\Christopher\SkyDrive\School\UW\CSS 343B\CSS343LAB4\LAB4Implement\Debug\LAB4Implement.pdb
