C:\USERS\CHRISTOPHER\SKYDRIVE\SCHOOL\UW\CSS 343B\CSS343LAB2\CSS343LAB2\DEBUG\BINTREE.OBJ
C:\USERS\CHRISTOPHER\SKYDRIVE\SCHOOL\UW\CSS 343B\CSS343LAB2\CSS343LAB2\DEBUG\LAB2.OBJ
C:\USERS\CHRISTOPHER\SKYDRIVE\SCHOOL\UW\CSS 343B\CSS343LAB2\CSS343LAB2\DEBUG\NODEDATA.OBJ
C:\USERS\CHRISTOPHER\SKYDRIVE\SCHOOL\UW\CSS 343B\CSS343LAB2\CSS343LAB2\DEBUG\VC110.PDB
C:\USERS\CHRIS\SKYDRIVE\SCHOOL\UW\CSS 343B\CSS343LAB2\CSS343LAB2\DEBUG\BINTREE.OBJ
C:\USERS\CHRIS\SKYDRIVE\SCHOOL\UW\CSS 343B\CSS343LAB2\CSS343LAB2\DEBUG\LAB2.OBJ
C:\USERS\CHRIS\SKYDRIVE\SCHOOL\UW\CSS 343B\CSS343LAB2\CSS343LAB2\DEBUG\NODEDATA.OBJ
C:\USERS\CHRIS\SKYDRIVE\SCHOOL\UW\CSS 343B\CSS343LAB2\CSS343LAB2\DEBUG\VC110.PDB
C:\USERS\CHRISTOPHER\SKYDRIVE\SCHOOL\UW\CSS 343B\CSS343LAB2\DEBUG\CSS343LAB2.ILK
C:\USERS\CHRISTOPHER\SKYDRIVE\SCHOOL\UW\CSS 343B\CSS343LAB2\DEBUG\CSS343LAB2.EXE
C:\USERS\CHRISTOPHER\SKYDRIVE\SCHOOL\UW\CSS 343B\CSS343LAB2\DEBUG\CSS343LAB2.PDB
C:\USERS\CHRIS\SKYDRIVE\SCHOOL\UW\CSS 343B\CSS343LAB2\DEBUG\CSS343LAB2.ILK
C:\USERS\CHRIS\SKYDRIVE\SCHOOL\UW\CSS 343B\CSS343LAB2\DEBUG\CSS343LAB2.EXE
C:\USERS\CHRIS\SKYDRIVE\SCHOOL\UW\CSS 343B\CSS343LAB2\DEBUG\CSS343LAB2.PDB
C:\Users\Chris\SkyDrive\School\UW\CSS 343B\CSS343LAB2\CSS343LAB2\Debug\bintree.obj
C:\Users\Chris\SkyDrive\School\UW\CSS 343B\CSS343LAB2\CSS343LAB2\Debug\lab2.obj
C:\Users\Chris\SkyDrive\School\UW\CSS 343B\CSS343LAB2\CSS343LAB2\Debug\nodedata.obj
C:\Users\Chris\SkyDrive\School\UW\CSS 343B\CSS343LAB2\CSS343LAB2\Debug\cl.command.1.tlog
C:\Users\Chris\SkyDrive\School\UW\CSS 343B\CSS343LAB2\CSS343LAB2\Debug\CL.read.1.tlog
C:\Users\Chris\SkyDrive\School\UW\CSS 343B\CSS343LAB2\CSS343LAB2\Debug\CL.write.1.tlog
C:\Users\Chris\SkyDrive\School\UW\CSS 343B\CSS343LAB2\CSS343LAB2\Debug\link-cvtres.read.1.tlog
C:\Users\Chris\SkyDrive\School\UW\CSS 343B\CSS343LAB2\CSS343LAB2\Debug\link-cvtres.write.1.tlog
C:\Users\Chris\SkyDrive\School\UW\CSS 343B\CSS343LAB2\CSS343LAB2\Debug\link-rc.read.1.tlog
C:\Users\Chris\SkyDrive\School\UW\CSS 343B\CSS343LAB2\CSS343LAB2\Debug\link-rc.write.1.tlog
C:\Users\Chris\SkyDrive\School\UW\CSS 343B\CSS343LAB2\CSS343LAB2\Debug\link.5724-cvtres.read.1.tlog
C:\Users\Chris\SkyDrive\School\UW\CSS 343B\CSS343LAB2\CSS343LAB2\Debug\link.5724-cvtres.write.1.tlog
C:\Users\Chris\SkyDrive\School\UW\CSS 343B\CSS343LAB2\CSS343LAB2\Debug\link.5724-rc.read.1.tlog
C:\Users\Chris\SkyDrive\School\UW\CSS 343B\CSS343LAB2\CSS343LAB2\Debug\link.5724-rc.write.1.tlog
C:\Users\Chris\SkyDrive\School\UW\CSS 343B\CSS343LAB2\CSS343LAB2\Debug\link.5724.read.1.tlog
C:\Users\Chris\SkyDrive\School\UW\CSS 343B\CSS343LAB2\CSS343LAB2\Debug\link.5724.write.1.tlog
C:\Users\Chris\SkyDrive\School\UW\CSS 343B\CSS343LAB2\CSS343LAB2\Debug\link.command.1.tlog
C:\Users\Chris\SkyDrive\School\UW\CSS 343B\CSS343LAB2\CSS343LAB2\Debug\link.read.1.tlog
C:\Users\Chris\SkyDrive\School\UW\CSS 343B\CSS343LAB2\CSS343LAB2\Debug\link.write.1.tlog
C:\Users\Chris\SkyDrive\School\UW\CSS 343B\CSS343LAB2\CSS343LAB2\Debug\vc110.idb
C:\Users\Chris\SkyDrive\School\UW\CSS 343B\CSS343LAB2\CSS343LAB2\Debug\vc110.pdb
C:\Users\Chris\SkyDrive\School\UW\CSS 343B\CSS343LAB2\Debug\CSS343LAB2.pdb
C:\Users\Chris\SkyDrive\School\UW\CSS 343B\CSS343LAB2\Debug\CSS343LAB2.exe
C:\Users\Chris\SkyDrive\School\UW\CSS 343B\CSS343LAB2\Debug\CSS343LAB2.ilk
